Arguments: 
  /usr/local/Cellar/node/8.1.4/bin/node /usr/local/bin/yarn publish

PATH: 
  /opt/local/bin:/opt/local/sbin:/Users/linkyun/.rvm/gems/ruby-2.2.2/bin:/Users/linkyun/.rvm/gems/ruby-2.2.2@global/bin:/Users/linkyun/.rvm/rubies/ruby-2.2.2/bin:/Users/linkyun/MyFile/Cocos2dx/3.x/cocos2d-x-3.4/templates:/Applications/Cocos/frameworks:/opt/local/bin:/opt/local/sbin:/Applications/Cocos/tools/ant/bin:/Applications/Cocos/frameworks/cocos2d-x:/Applications/Cocos/frameworks/cocos2d-x-3.8/tools/cocos2d-console/bin:/Library/Frameworks/Python.framework/Versions/2.7/bin:/usr/local/bin:/usr/bin:/bin:/usr/sbin:/sbin:/opt/X11/bin:/Users/linkyun/Documents/Tomcat/bin:/Users/linkyun/tools/android/sdk:/Users/linkyun/tools/android/sdk/platform-tools:/Users/linkyun/tools/android/android-ndk-r9d:/Users/linkyun/.rvm/bin

Yarn version: 
  0.27.5

Node version: 
  8.1.4

Platform: 
  darwin x64

npm manifest: 
  {
    "name": "itppay-react-native",
    "version": "1.0.0",
    "description": "0.0.1",
    "main": "index.js",
    "directories": {
      "example": "example"
    },
    "scripts": {
      "test": "echo \"Error: no test specified\" && exit 1"
    },
    "repository": {
      "type": "git",
      "url": "git+https://github.com/ruiruijiang/itppay-react-native.git"
    },
    "keywords": [
      "react",
      "react-native",
      "react-component",
      "ios",
      "android"
    ],
    "author": "ruiruijiang",
    "license": "ISC",
    "bugs": {
      "url": "https://github.com/ruiruijiang/itppay-react-native/issues"
    },
    "homepage": "https://github.com/ruiruijiang/itppay-react-native#readme"
  }

yarn manifest: 
  No manifest

Lockfile: 
  # THIS IS AN AUTOGENERATED FILE. DO NOT EDIT THIS FILE DIRECTLY.
  # yarn lockfile v1

Trace: 
  Error: http://registry.cnpmjs.org/itppay-react-native: ESOCKETTIMEDOUT
      at ClientRequest.<anonymous> (/usr/local/lib/node_modules/yarn/node_modules/request/request.js:819:19)
      at Object.onceWrapper (events.js:314:30)
      at emitNone (events.js:105:13)
      at ClientRequest.emit (events.js:207:7)
      at Socket.emitTimeout (_http_client.js:721:34)
      at Object.onceWrapper (events.js:314:30)
      at emitNone (events.js:105:13)
      at Socket.emit (events.js:207:7)
      at Socket._onTimeout (net.js:402:8)
      at ontimeout (timers.js:488:11)
